1、qeqeqewqeqewqeqweqweqweqeqewqeqeqewqeqewqeqweqweqweqeqewqeqeqewqeqewqeqweqweqweqeqew
2、qeqeqewqeqewqeqweqweqweqeqewqeqeq123ewqeqewqeqweqweqweqeqewqeqeqewqeqewqeqweqweqweqeqew
3、qeqeqewqeqewqeqweqweqweqeqewqeqeqewqeqewqeqweqweqweqeqewqeqeqewqeqewqeqweqweqweqeqewqeqeqewqeqewqeqweqweqweqeqew
4、qeqeqewqeqewqeqweqweqweqeqewqeqeqewqeqewqeqweqweqweqeqewqeqeqewqeqewqeqweqweqweqeqew
5、qeqeqewqeqewqeqweqweqweqeqewqeqeqewqeqewqeqweqweqweqeqewqeqeqewqeqewqeqweqweqweqeqewqeqeqewqeqewqeqweqweqweqeqew
6、qeqeqewqeqewqeqweqweqweqeqewqeqeqewqeqewqeqweqweqweqeqew
7、qeqeqewqeqewqeqweqweqweqeqewqeqeqewqeqewqeqweqweqweqeqew
8、qeqeqewqeqewqeqweqw123eqweqeqewq11111111111
9、qeqeqewqeqewqeqweqweqweqeqewqeqeqewqeqewqeqweqweqweqeqewqeqeqewqeqewqeqweqweqweqeqew
10、qeqeqewqeqewqeqweqweqweqeqewqeqeq123ewqeqewqeqweqweqweqeqewqeqeqewqeqewqeqweqweqweqeqew
11、qeqeqewqeqewqeqweqweqweqeqewqeqeqewqeqewqeqweqweqweqeqewqeqeqewqeqewqeqweqweqweqeqewqeqeqewqeqewqeqweqweqweqeqew
12、qeqeqewqeqewqeqweqweqweqeqewqeqeqewqeqewqeqweqweqweqeqewqeqeqewqeqewqeqweqweqweqeqew
13、qeqeqewqeqewqeqweqweqweqeqewqeqeqewqeqewqeqweqweqweqeqewqeqeqewqeqewqeqweqweqweqeqewqeqeqewqeqewqeqweqweqweqeqew
14、qeqeqewqeqewqeqweqweqweqeqewqeqeqewqeqewqeqweqweqweqeqew
15、qeqeqewqeqewqeqweqweqweqeqewqeqeqewqeqewqeqweqweqweqeqew
16、qeqeqewqeqewqeqweqw123eqweqeqewq11111111111
17、qeqeqewqeqewqeqweqweqweqeqewqeqeqewqeqewqeqweqweqweqeqewqeqeqewqeqewqeqweqweqweqeqew
18、qeqeqewqeqewqeqweqweqweqeqewqeqeq123ewqeqewqeqweqweqweqeqewqeqeqewqeqewqeqweqweqweqeqew
19、qeqeqewqeqewqeqweqweqweqeqewqeqeqewqeqewqeqweqweqweqeqewqeqeqewqeqewqeqweqweqweqeqewqeqeqewqeqewqeqweqweqweqeqew
20、qeqeqewqeqewqeqweqweqweqeqewqeqeqewqeqewqeqweqweqweqeqewqeqeqewqeqewqeqweqweqweqeqew
21、qeqeqewqeqewqeqweqweqweqeqewqeqeqewqeqewqeqweqweqweqeqewqeqeqewqeqewqeqweqweqweqeqewqeqeqewqeqewqeqweqweqweqeqew
22、qeqeqewqeqewqeqweqweqweqeqewqeqeqewqeqewqeqweqweqweqeqew
23、qeqeqewqeqewqeqweqweqweqeqewqeqeqewqeqewqeqweqweqweqeqew
24、qeqeqewqeqewqeqweqw123eqweqeqewq11111111111